<?xml version="1.0" encoding="UTF-8"?>
<!-- Generated by org.testng.reporters.JUnitReportReporter -->
<testsuite skipped="0" hostname="DESKTOP-GLRLHRK" name="test.scanario.DataDriverTest" tests="5" failures="0" timestamp="11 Oct 2020 17:06:53 GMT" time="128.626" errors="0">
  <testcase name="test1" time="18.765" classname="test.scanario.DataDriverTest"/>
  <testcase name="test1" time="27.868" classname="test.scanario.DataDriverTest"/>
  <testcase name="test1" time="31.856" classname="test.scanario.DataDriverTest"/>
  <testcase name="test1" time="30.734" classname="test.scanario.DataDriverTest"/>
  <testcase name="test1" time="19.403" classname="test.scanario.DataDriverTest"/>
</testsuite> <!-- test.scanario.DataDriverTest -->
