<?xml version="1.0" encoding="UTF-8"?>
<!-- Generated by org.testng.reporters.JUnitReportReporter -->
<testsuite skipped="0" hostname="DESKTOP-GLRLHRK" name="test.scanario.DemoTest" tests="1" failures="0" timestamp="20 Oct 2020 07:14:49 GMT" time="19.439" errors="0">
  <testcase name="registeruser" time="19.439" classname="test.scanario.DemoTest"/>
</testsuite> <!-- test.scanario.DemoTest -->
