<?xml version="1.0" encoding="UTF-8"?>
<!-- Generated by org.testng.reporters.JUnitReportReporter -->
<testsuite skipped="0" hostname="DESKTOP-GLRLHRK" name="test.scanario.Demo" tests="1" failures="0" timestamp="09 Oct 2020 07:27:57 GMT" time="27.789" errors="0">
  <testcase name="registeruser" time="27.789" classname="test.scanario.Demo"/>
</testsuite> <!-- test.scanario.Demo -->
