<?xml version="1.0" encoding="UTF-8"?>
<!-- Generated by org.testng.reporters.JUnitReportReporter -->
<testsuite skipped="0" hostname="DESKTOP-GLRLHRK" name="test.scanario.DemoTest" tests="1" failures="0" timestamp="13 Oct 2020 08:21:55 GMT" time="23.735" errors="0">
  <testcase name="registeruser" time="23.735" classname="test.scanario.DemoTest"/>
</testsuite> <!-- test.scanario.DemoTest -->
