<?xml version="1.0" encoding="UTF-8"?>
<!-- Generated by org.testng.reporters.JUnitReportReporter -->
<testsuite skipped="0" hostname="DESKTOP-GLRLHRK" name="test.scanario.DemoTest" tests="1" failures="0" timestamp="19 Oct 2020 06:40:27 GMT" time="30.166" errors="0">
  <testcase name="registeruser" time="30.166" classname="test.scanario.DemoTest"/>
</testsuite> <!-- test.scanario.DemoTest -->
